<?xml version="1.0" encoding="UTF-8"?>
<testsuite xmlns:xsi="http://www.w3.org/2001/XMLSchema-instance" xsi:noNamespaceSchemaLocation="https://maven.apache.org/surefire/maven-surefire-plugin/xsd/surefire-test-report.xsd" name="deti.tqs.fbarros.airqualityapp.service.CityServiceTest" time="3.173" tests="2" errors="0" skipped="0" failures="0">
  <properties>
[...]
</properties>
  <testcase name="whenInvalidCity_returnNullCity" classname="deti.tqs.fbarros.airqualityapp.service.CityServiceTest" time="3.047"/>
  <testcase name="whenValidCity_returnAQI" classname="deti.tqs.fbarros.airqualityapp.service.CityServiceTest" time="0.124"/>
</testsuite>